[debug] [2021-12-17T00:28:43.996Z] ----------------------------------------------------------------------
[debug] [2021-12-17T00:28:43.998Z] Command:       /home/sumit/.nvm/versions/node/v16.13.1/bin/node /home/sumit/.nvm/versions/node/v16.13.1/bin/firebase init
[debug] [2021-12-17T00:28:43.998Z] CLI Version:   10.0.0
[debug] [2021-12-17T00:28:43.998Z] Platform:      linux
[debug] [2021-12-17T00:28:43.998Z] Node Version:  v16.13.1
[debug] [2021-12-17T00:28:43.999Z] Time:          Fri Dec 17 2021 05:58:43 GMT+0530 (India Standard Time)
[debug] [2021-12-17T00:28:43.999Z] ----------------------------------------------------------------------
[debug] 
[debug] [2021-12-17T00:28:44.003Z] > command requires scopes: ["email","openid","https://www.googleapis.com/auth/cloudplatformprojects.readonly","https://www.googleapis.com/auth/firebase","https://www.googleapis.com/auth/cloud-platform"]
[debug] [2021-12-17T00:28:44.003Z] > authorizing via signed-in user (sumitnitesh123@gmail.com)
[info] 
     ######## #### ########  ######## ########     ###     ######  ########
     ##        ##  ##     ## ##       ##     ##  ##   ##  ##       ##
     ######    ##  ########  ######   ########  #########  ######  ######
     ##        ##  ##    ##  ##       ##     ## ##     ##       ## ##
     ##       #### ##     ## ######## ########  ##     ##  ######  ########

You're about to initialize a Firebase project in this directory:

  /home/sumit/netflix-clone

[info] 
=== Project Setup
[info] 
[info] First, let's associate this project directory with a Firebase project.
[info] You can create multiple project aliases by running firebase use --add, 
[info] but for now we'll just set up a default project.
[info] 
[debug] [2021-12-17T00:29:13.526Z] >>> [apiv2][query] GET https://firebase.googleapis.com/v1beta1/projects pageSize=100
[debug] [2021-12-17T00:29:14.826Z] <<< [apiv2][status] GET https://firebase.googleapis.com/v1beta1/projects 200
[debug] [2021-12-17T00:29:14.827Z] <<< [apiv2][body] GET https://firebase.googleapis.com/v1beta1/projects [omitted]
[info] i  Using project netflix-clone-94410 (netflix-clone) 
[info] 
=== Hosting Setup
[info] 
[info] Your public directory is the folder (relative to your project directory) that
[info] will contain Hosting assets to be uploaded with firebase deploy. If you
[info] have a build process for your assets, use your build's output directory.
[info] 
[debug] [2021-12-17T00:30:04.615Z] >>> [apiv2][query] GET https://www.gstatic.com/firebasejs/releases.json [none]
[debug] [2021-12-17T00:30:04.949Z] <<< [apiv2][status] GET https://www.gstatic.com/firebasejs/releases.json 200
[debug] [2021-12-17T00:30:04.950Z] <<< [apiv2][body] GET https://www.gstatic.com/firebasejs/releases.json {"current":{"version":"9.6.1","browserURL":"https://www.gstatic.com/firebasejs/9.6.1/firebase.js","packageURL":"https://www.gstatic.com/firebasejs/9.6.1/firebase.tgz"},"live":{"version":"9.6","browserURL":"https://www.gstatic.com/firebasejs/live/9.6/firebase.js","packageURL":"https://www.gstatic.com/firebasejs/live/9.6/firebase.tgz"},"components":{"analytics":"https://www.gstatic.com/firebasejs/9.6.1/firebase-analytics.js","app":"https://www.gstatic.com/firebasejs/9.6.1/firebase-app.js","app-check":"https://www.gstatic.com/firebasejs/9.6.1/firebase-app-check.js","auth":"https://www.gstatic.com/firebasejs/9.6.1/firebase-auth.js","auth/cordova":"https://www.gstatic.com/firebasejs/9.6.1/firebase-auth/cordova.js","auth/react-native":"https://www.gstatic.com/firebasejs/9.6.1/firebase-auth/react-native.js","functions":"https://www.gstatic.com/firebasejs/9.6.1/firebase-functions.js","firestore":"https://www.gstatic.com/firebasejs/9.6.1/firebase-firestore.js","firestore/lite":"https://www.gstatic.com/firebasejs/9.6.1/firebase-firestore/lite.js","storage":"https://www.gstatic.com/firebasejs/9.6.1/firebase-storage.js","performance":"https://www.gstatic.com/firebasejs/9.6.1/firebase-performance.js","remote-config":"https://www.gstatic.com/firebasejs/9.6.1/firebase-remote-config.js","messaging":"https://www.gstatic.com/firebasejs/9.6.1/firebase-messaging.js","messaging/sw":"https://www.gstatic.com/firebasejs/9.6.1/firebase-messaging/sw.js","database":"https://www.gstatic.com/firebasejs/9.6.1/firebase-database.js","firestore.memory":"https://www.gstatic.com/firebasejs/9.6.1/firebase-firestore.memory.js"}}
[info] ✔  Wrote build/index.html 
[info] 
[info] i  Detected a .git folder at /home/sumit/netflix-clone 
[info] i  Authorizing with GitHub to upload your service account to a GitHub repository's secrets store. 
[info] 
[info] Visit this URL on this device to log in:
[info] https://github.com/login/oauth/authorize?client_id=89cf50f02ac6aaed3484&state=892104124&redirect_uri=http%3A%2F%2Flocalhost%3A9005&scope=read%3Auser%20repo%20public_repo
[info] 
[info] Waiting for authentication...
[debug] [2021-12-17T00:30:41.810Z] >>> HTTP REQUEST POST https://github.com/login/oauth/access_token  
 {"client_id":"89cf50f02ac6aaed3484","client_secret":"3330d14abc895d9a74d5f17cd7a00711fa2c5bf0","code":"cc7e4310ec0d87450d70","redirect_uri":"http://localhost:9005","state":"892104124"}
[debug] [2021-12-17T00:30:42.471Z] <<< HTTP RESPONSE 200 {"server":"GitHub.com","date":"Fri, 17 Dec 2021 00:30:42 GMT","content-type":"application/json; charset=utf-8","transfer-encoding":"chunked","vary":"X-PJAX, X-PJAX-Container, Accept-Encoding, Accept, X-Requested-With","permissions-policy":"interest-cohort=()","etag":"W/\"d032109c34e2213630e30362f3c77245\"","cache-control":"max-age=0, private, must-revalidate","strict-transport-security":"max-age=31536000; includeSubdomains; preload","x-frame-options":"deny","x-content-type-options":"nosniff","x-xss-protection":"0","referrer-policy":"origin-when-cross-origin, strict-origin-when-cross-origin","expect-ct":"max-age=2592000, report-uri=\"https://api.github.com/_private/browser/errors\"","content-security-policy":"default-src 'none'; base-uri 'self'; block-all-mixed-content; child-src github.com/assets-cdn/worker/ gist.github.com/assets-cdn/worker/; connect-src 'self' uploads.github.com objects-origin.githubusercontent.com www.githubstatus.com collector.githubapp.com api.github.com github-cloud.s3.amazonaws.com github-production-repository-file-5c1aeb.s3.amazonaws.com github-production-upload-manifest-file-7fdce7.s3.amazonaws.com github-production-user-asset-6210df.s3.amazonaws.com cdn.optimizely.com logx.optimizely.com/v1/events translator.github.com wss://alive.github.com; font-src github.githubassets.com; form-action 'self' github.com gist.github.com objects-origin.githubusercontent.com; frame-ancestors 'none'; frame-src render.githubusercontent.com viewscreen.githubusercontent.com notebooks.githubusercontent.com; img-src 'self' data: github.githubassets.com identicons.github.com collector.githubapp.com github-cloud.s3.amazonaws.com secured-user-images.githubusercontent.com/ *.githubusercontent.com; manifest-src 'self'; media-src github.com user-images.githubusercontent.com/; script-src github.githubassets.com; style-src 'unsafe-inline' github.githubassets.com; worker-src github.com/assets-cdn/worker/ gist.github.com/assets-cdn/worker/","x-github-request-id":"14CC:0FE4:D5A532:F37278:61BBDA32"}
[debug] [2021-12-17T00:30:42.479Z] >>> [apiv2][query] GET https://api.github.com/user [none]
[debug] [2021-12-17T00:30:43.008Z] <<< [apiv2][status] GET https://api.github.com/user 200
[debug] [2021-12-17T00:30:43.008Z] <<< [apiv2][body] GET https://api.github.com/user {"login":"sum1112","id":40204694,"node_id":"MDQ6VXNlcjQwMjA0Njk0","avatar_url":"https://avatars.githubusercontent.com/u/40204694?v=4","gravatar_id":"","url":"https://api.github.com/users/sum1112","html_url":"https://github.com/sum1112","followers_url":"https://api.github.com/users/sum1112/followers","following_url":"https://api.github.com/users/sum1112/following{/other_user}","gists_url":"https://api.github.com/users/sum1112/gists{/gist_id}","starred_url":"https://api.github.com/users/sum1112/starred{/owner}{/repo}","subscriptions_url":"https://api.github.com/users/sum1112/subscriptions","organizations_url":"https://api.github.com/users/sum1112/orgs","repos_url":"https://api.github.com/users/sum1112/repos","events_url":"https://api.github.com/users/sum1112/events{/privacy}","received_events_url":"https://api.github.com/users/sum1112/received_events","type":"User","site_admin":false,"name":"Sumit","company":null,"blog":"","location":null,"email":null,"hireable":null,"bio":"Android developer;\r\nSkills : Java, Kotlin, JSON, SQL, Data structures and algorithms\r\n\r\n","twitter_username":null,"public_repos":15,"public_gists":0,"followers":0,"following":0,"created_at":"2018-06-12T12:44:47Z","updated_at":"2021-12-17T00:30:33Z","private_gists":0,"total_private_repos":0,"owned_private_repos":0,"disk_usage":8937,"collaborators":0,"two_factor_authentication":false,"plan":{"name":"free","space":976562499,"collaborators":0,"private_repos":10000}}
[info] 
[info] ✔  Success! Logged into GitHub as sum1112 
[info] 
[debug] [2021-12-17T00:31:37.489Z] >>> [apiv2][query] GET https://api.github.com/repos/user/actions/secrets/public-key type=owner
[debug] [2021-12-17T00:31:38.173Z] <<< [apiv2][status] GET https://api.github.com/repos/user/actions/secrets/public-key 404
[debug] [2021-12-17T00:31:38.173Z] <<< [apiv2][body] GET https://api.github.com/repos/user/actions/secrets/public-key {"message":"Not Found","documentation_url":"https://docs.github.com/rest"}
[debug] [2021-12-17T00:32:12.024Z] >>> [apiv2][query] GET https://api.github.com/repos/netflix-clone/actions/secrets/public-key type=owner
[debug] [2021-12-17T00:32:12.566Z] <<< [apiv2][status] GET https://api.github.com/repos/netflix-clone/actions/secrets/public-key 404
[debug] [2021-12-17T00:32:12.566Z] <<< [apiv2][body] GET https://api.github.com/repos/netflix-clone/actions/secrets/public-key {"message":"Not Found","documentation_url":"https://docs.github.com/rest"}
[debug] [2021-12-17T00:32:14.240Z] >>> [apiv2][query] GET https://api.github.com/repos//actions/secrets/public-key type=owner
[debug] [2021-12-17T00:32:14.818Z] <<< [apiv2][status] GET https://api.github.com/repos//actions/secrets/public-key 404
[debug] [2021-12-17T00:32:14.819Z] <<< [apiv2][body] GET https://api.github.com/repos//actions/secrets/public-key {"message":"Not Found","documentation_url":"https://docs.github.com/rest"}
[debug] [2021-12-17T00:32:25.595Z] >>> [apiv2][query] GET https://api.github.com/repos/sum1112/netflix-clone/actions/secrets/public-key type=owner
[debug] [2021-12-17T00:32:26.287Z] <<< [apiv2][status] GET https://api.github.com/repos/sum1112/netflix-clone/actions/secrets/public-key 404
[debug] [2021-12-17T00:32:26.287Z] <<< [apiv2][body] GET https://api.github.com/repos/sum1112/netflix-clone/actions/secrets/public-key {"message":"Not Found","documentation_url":"https://docs.github.com/rest/reference/actions#get-a-repository-public-key"}
[debug] [2021-12-17T00:32:28.882Z] >>> [apiv2][query] GET https://api.github.com/repos//actions/secrets/public-key type=owner
[debug] [2021-12-17T00:32:29.447Z] <<< [apiv2][status] GET https://api.github.com/repos//actions/secrets/public-key 404
[debug] [2021-12-17T00:32:29.447Z] <<< [apiv2][body] GET https://api.github.com/repos//actions/secrets/public-key {"message":"Not Found","documentation_url":"https://docs.github.com/rest"}
[debug] [2021-12-17T00:32:53.299Z] >>> [apiv2][query] GET https://api.github.com/repos/sum1112/netflix-clone/actions/secrets/public-key type=owner
[debug] [2021-12-17T00:32:54.026Z] <<< [apiv2][status] GET https://api.github.com/repos/sum1112/netflix-clone/actions/secrets/public-key 404
[debug] [2021-12-17T00:32:54.026Z] <<< [apiv2][body] GET https://api.github.com/repos/sum1112/netflix-clone/actions/secrets/public-key {"message":"Not Found","documentation_url":"https://docs.github.com/rest/reference/actions#get-a-repository-public-key"}
